<?xml version="1.0" encoding="UTF-8"?>
<!-- Generated by org.testng.reporters.JUnitReportReporter -->
<testsuite hostname="Gagan" failures="0" tests="1" name="com.flexngate.erp.createthirdpartytest.CreateThirdParty_AllInputsTest2" time="19.184" errors="0" timestamp="30 May 2024 14:42:57 GMT" skipped="0">
  <testcase classname="com.flexngate.erp.createthirdpartytest.CreateThirdParty_AllInputsTest2" name="CreateNewThirdPartyWithValidInputsTest" time="19.184"/>
</testsuite> <!-- com.flexngate.erp.createthirdpartytest.CreateThirdParty_AllInputsTest2 -->
