<?xml version="1.0" encoding="UTF-8"?>
<!-- Generated by org.testng.reporters.JUnitReportReporter -->
<testsuite hostname="Gagan" failures="0" tests="1" name="com.flexngate.erp.createthirdpartytest.CreateProspectTest" time="12.721" errors="0" timestamp="18 Jun 2024 12:27:47 GMT" skipped="0">
  <testcase classname="com.flexngate.erp.createthirdpartytest.CreateProspectTest" name="createNewProspectTest" time="12.721"/>
</testsuite> <!-- com.flexngate.erp.createthirdpartytest.CreateProspectTest -->
