<?xml version="1.0" encoding="UTF-8"?>
<!-- Generated by org.testng.reporters.JUnitReportReporter -->
<testsuite hostname="Gagan" failures="0" tests="1" name="com.flexngate.erp.createthirdpartytest.CreateThirdPartyWithInputsTest" time="26.273" errors="0" timestamp="30 May 2024 10:40:16 GMT" skipped="0">
  <testcase classname="com.flexngate.erp.createthirdpartytest.CreateThirdPartyWithInputsTest" name="CreateNewThirdPartyWithValidInputsTest" time="26.273"/>
</testsuite> <!-- com.flexngate.erp.createthirdpartytest.CreateThirdPartyWithInputsTest -->
