<?xml version="1.0" encoding="UTF-8"?>
<!-- Generated by org.testng.reporters.JUnitReportReporter -->
<testsuite hostname="Gagan" failures="0" tests="1" name="com.flexngate.erp.createthirdpartytest.CreateThirdPartyTest" time="17.369" errors="0" timestamp="30 May 2024 10:42:10 GMT" skipped="0">
  <testcase classname="com.flexngate.erp.createthirdpartytest.CreateThirdPartyTest" name="createNewThirdPartyAsProspectTest" time="17.369"/>
</testsuite> <!-- com.flexngate.erp.createthirdpartytest.CreateThirdPartyTest -->
