<?xml version="1.0" encoding="UTF-8"?>
<!-- Generated by org.testng.reporters.JUnitReportReporter -->
<testsuite hostname="Gagan" failures="0" tests="1" name="com.flexngate.erp.createthirdpartytest.ValidateTheOrderTest" time="13.885" errors="0" timestamp="31 May 2024 12:06:13 GMT" skipped="0">
  <testcase classname="com.flexngate.erp.createthirdpartytest.ValidateTheOrderTest" name="ValidateOrderTest" time="13.885"/>
</testsuite> <!-- com.flexngate.erp.createthirdpartytest.ValidateTheOrderTest -->
